time_tracker/build/app/intermediates/aapt_proguard_file/release/aapt_rules.txt
# Referenced at merged_manifests/release/AndroidManifest.xml:17
-keep class androidx.core.app.CoreComponentFactory { <init>(); }
# Referenced at merged_manifests/release/AndroidManifest.xml:22
-keep class com.example.timetracker.MainActivity { <init>(); }
# Referenced at merged_manifests/release/AndroidManifest.xml:17
-keep class io.flutter.app.FlutterApplication { <init>(); }