time_tracker/build/app/outputs/mapping/release/usage.txt
com.example.timetracker.R
com.example.timetracker.R$dimen
com.example.timetracker.R$style
com.example.timetracker.R$attr
com.example.timetracker.R$integer
com.example.timetracker.R$drawable
com.example.timetracker.BuildConfig
com.example.timetracker.R$color
com.example.timetracker.R$mipmap
com.example.timetracker.R$id
com.example.timetracker.R$styleable
com.example.timetracker.R$layout
com.example.timetracker.R$string
...
androidx.core.os.LocaleListInterface
androidx.legacy.coreui.R
kotlin.random.URandomKt
kotlin.jvm.internal.LongSpreadBuilder
androidx.core.widget.ContentLoadingProgressBar$2
kotlin.collections.unsigned.UArraysKt___UArraysKt$withIndex$3
androidx.annotation.TransitionRes
androidx.fragment.app.FragmentTransition$2
kotlin.jvm.internal.ArrayIteratorKt
kotlin.sequences.Sequence
androidx.core.app.ComponentActivity$ExtraData
androidx.annotation.BinderThread
kotlin.text.StringsKt___StringsKt$groupingBy$1
androidx.swiperefreshlayout.widget.CircularProgressDrawable$2
io.flutter.app.FlutterActivityDelegate$ViewFactory
io.flutter.embedding.engine.plugins.contentprovider.ContentProviderControlSurface
kotlin.sequences.SequencesKt___SequencesKt$minus$3
androidx.fragment.app.FragmentTabHost$SavedState
io.flutter.embedding.android.FlutterFragment$1
kotlin.io.TerminateException
kotlin.comparisons.UComparisonsKt___UComparisonsKt
androidx.annotation.PluralsRes
kotlin.reflect.KProperty2
androidx.core.content.pm.ShortcutManagerCompat$1
kotlin.text.StringsKt___StringsKt$windowedSequence$1
androidx.core.app.JobIntentService$CompatWorkItem
androidx.core.text.TextDirectionHeuristicsCompat
kotlin.collections.State
androidx.asynclayoutinflater.view.AsyncLayoutInflater$BasicInflater
androidx.annotation.Nullable
kotlin.sequences.TakeSequence
androidx.coordinatorlayout.R$styleable
io.flutter.embedding.engine.loader.ResourceExtractor:
    static long getVersionCode(android.content.pm.PackageInfo)
    void <init>(java.lang.String,java.lang.String,android.content.pm.PackageManager,android.content.res.AssetManager)
    private static java.lang.String[] getExistingTimestamps(java.io.File)
    private static void deleteFiles(java.lang.String,java.util.HashSet)
    private static java.lang.String checkTimestamp(java.io.File,android.content.pm.PackageManager,java.lang.String)
    private static void copy(java.io.InputStream,java.io.OutputStream)
    static synthetic java.lang.String access$000(java.io.File,android.content.pm.PackageManager,java.lang.String)
    static synthetic void access$100(java.lang.String,java.util.HashSet)
    static synthetic void access$200(java.io.InputStream,java.io.OutputStream)
    io.flutter.embedding.engine.loader.ResourceExtractor addResource(java.lang.String)
    io.flutter.embedding.engine.loader.ResourceExtractor addResources(java.util.Collection)
    io.flutter.embedding.engine.loader.ResourceExtractor start()
    private final java.lang.String mDataDirPath
    private final java.lang.String mPackageName
    private final android.content.pm.PackageManager mPackageManager
    private final android.content.res.AssetManager mAssetManager
    private final java.util.HashSet mResources
    private io.flutter.embedding.engine.loader.ResourceExtractor$ExtractTask mExtractTask
    private static final java.lang.String TAG
kotlin.comparisons.ComparisonsKt__ComparisonsKt$compareByDescending$1
kotlin.coroutines.experimental.Continuation
androidx.core.content.res.ResourcesCompat$FontCallback
io.flutter.embedding.engine.plugins.shim.ShimPluginRegistry$ShimRegistrarAggregate
kotlin.random.Random$Default
kotlin.concurrent.LocksKt
kotlin.collections.ArraysKt__ArraysJVMKt
kotlin.ULong
kotlin.io.FilesKt
kotlin.jvm.internal.LongCompanionObject
androidx.coordinatorlayout.widget.ViewGroupUtils
kotlin.contracts.Effect
org.intellij.lang.annotations.JdkConstants$TabPlacement
androidx.fragment.app.FragmentManager$OnBackStackChangedListener
io.flutter.embedding.engine.systemchannels.TextInputChannel:
    private static final java.lang.String TAG
kotlin.jvm.internal.ClassReference
androidx.fragment.app.DialogFragment
androidx.core.internal.package-info
io.flutter.embedding.android.AndroidTouchProcessor$PointerDeviceKind
androidx.slidingpanelayout.R$styleable
io.flutter.app.FlutterFragmentActivity
androidx.core.widget.AutoScrollHelper$ScrollAnimationRunnable
androidx.annotation.AttrRes
androidx.core.content.pm.ActivityInfoCompat